<?xml version="1.0" encoding="UTF-8" ?>
<testsuites disabled="0" errors="0" failures="1" tests="4" time="12.601">
 <testsuite name="Landing Page Validation" timestamp="2020-05-13T14:56:34" hostname="localhost" time="7.708" errors="0" tests="2" skipped="0" disabled="0" failures="1">
  <testcase classname="Landing Page Validation" name="Validate URL" time="4.878" />
  <testcase classname="Landing Page Validation" name="Validate Title" time="2.827">
   <failure type="toBe" message="Expected &apos;AngularJS — Superheroic JavaScript MVW Framework&apos; to be &apos;AngularJS — Superheroic JavaScript MVW Framewor&apos;."><![CDATA[Error: Failed expectation
    at UserContext.<anonymous> (/Users/connorreese/workspace/protractor-automation/test-cases/spec.js:13:32)
    at /usr/local/lib/node_modules/protractor/node_modules/jasminewd2/index.js:112:25
    at new ManagedPromise (/usr/local/lib/node_modules/protractor/node_modules/selenium-webdriver/lib/promise.js:1077:7)
    at ControlFlow.promise (/usr/local/lib/node_modules/protractor/node_modules/selenium-webdriver/lib/promise.js:2505:12)
    at schedulerExecute (/usr/local/lib/node_modules/protractor/node_modules/jasminewd2/index.js:95:18)
    at TaskQueue.execute_ (/usr/local/lib/node_modules/protractor/node_modules/selenium-webdriver/lib/promise.js:3084:14)
    at TaskQueue.executeNext_ (/usr/local/lib/node_modules/protractor/node_modules/selenium-webdriver/lib/promise.js:3067:27)
    at /usr/local/lib/node_modules/protractor/node_modules/selenium-webdriver/lib/promise.js:2974:25
    at /usr/local/lib/node_modules/protractor/node_modules/selenium-webdriver/lib/promise.js:668:7]]>
   </failure>
  </testcase>
 </testsuite>
 <testsuite name="Input Field" timestamp="2020-05-13T14:56:42" hostname="localhost" time="4.893" errors="0" tests="2" skipped="0" disabled="0" failures="0">
  <testcase classname="Input Field" name="input Field can receive data" time="0.203" />
  <testcase classname="Input Field" name="Button text changes to imput data" time="0.025" />
 </testsuite>
</testsuites>